<?xml version="1.0" encoding="UTF-8"?>
<!-- Generated by org.testng.reporters.JUnitReportReporter -->
<testsuite hostname="Tohidurs-Air" failures="0" tests="1" name="TestRunner.RunWithTestNg" time="13.947" errors="0" timestamp="25 Sep 2022 18:45:47 GMT" skipped="0">
  <testcase classname="TestRunner.RunWithTestNg" name="runScenario" time="13.947"/>
</testsuite> <!-- TestRunner.RunWithTestNg -->
